<?xml version="1.0" encoding="utf-8"?><testsuites><testsuite name="pytest" errors="0" failures="0" skipped="0" tests="4" time="10.436" timestamp="2021-03-23T22:17:09.501270" hostname="DESKTOP-VQ01I9A"><testcase classname="tests.user.test_user.UserModelTests" name="test_1_register" time="9.270" /><testcase classname="tests.user.test_user.UserModelTests" name="test_2_login" time="0.315" /><testcase classname="tests.user.test_user.UserModelTests" name="test_3_assert" time="0.043" /><testcase classname="tests.user.test_user.ViewTests" name="test_index" time="0.317" /></testsuite></testsuites>